{"/Users/annalucking/Projects/week_9/mimic_bot/lib/tweets.js":{"path":"/Users/annalucking/Projects/week_9/mimic_bot/lib/tweets.js","s":{"1":1,"2":1,"3":1,"4":5,"5":5,"6":5,"7":1,"8":4,"9":4,"10":2,"11":2,"12":3,"13":1,"14":2,"15":1,"16":5,"17":6,"18":3,"19":3,"20":2,"21":2,"22":1,"23":1,"24":1},"b":{"1":[3,3]},"f":{"1":1,"2":5,"3":4,"4":2,"5":3,"6":2,"7":5},"fnMap":{"1":{"name":"(anonymous_1)","line":3,"loc":{"start":{"line":3,"column":1},"end":{"line":3,"column":19}}},"2":{"name":"Tweets","line":4,"loc":{"start":{"line":4,"column":2},"end":{"line":4,"column":36}}},"3":{"name":"(anonymous_3)","line":10,"loc":{"start":{"line":10,"column":31},"end":{"line":10,"column":43}}},"4":{"name":"(anonymous_4)","line":12,"loc":{"start":{"line":12,"column":31},"end":{"line":12,"column":50}}},"5":{"name":"(anonymous_5)","line":14,"loc":{"start":{"line":14,"column":24},"end":{"line":14,"column":42}}},"6":{"name":"(anonymous_6)","line":20,"loc":{"start":{"line":20,"column":35},"end":{"line":20,"column":55}}},"7":{"name":"doesContainWord","line":22,"loc":{"start":{"line":22,"column":4},"end":{"line":22,"column":35}}}},"statementMap":{"1":{"start":{"line":1,"column":0},"end":{"line":1,"column":52}},"2":{"start":{"line":3,"column":0},"end":{"line":35,"column":9}},"3":{"start":{"line":4,"column":2},"end":{"line":8,"column":3}},"4":{"start":{"line":5,"column":4},"end":{"line":5,"column":21}},"5":{"start":{"line":6,"column":4},"end":{"line":6,"column":31}},"6":{"start":{"line":7,"column":4},"end":{"line":7,"column":23}},"7":{"start":{"line":10,"column":2},"end":{"line":18,"column":4}},"8":{"start":{"line":11,"column":4},"end":{"line":11,"column":21}},"9":{"start":{"line":12,"column":5},"end":{"line":17,"column":8}},"10":{"start":{"line":13,"column":7},"end":{"line":13,"column":52}},"11":{"start":{"line":14,"column":7},"end":{"line":16,"column":11}},"12":{"start":{"line":15,"column":9},"end":{"line":15,"column":41}},"13":{"start":{"line":20,"column":2},"end":{"line":32,"column":4}},"14":{"start":{"line":21,"column":4},"end":{"line":21,"column":21}},"15":{"start":{"line":22,"column":4},"end":{"line":29,"column":5}},"16":{"start":{"line":23,"column":6},"end":{"line":28,"column":7}},"17":{"start":{"line":24,"column":8},"end":{"line":27,"column":9}},"18":{"start":{"line":25,"column":10},"end":{"line":25,"column":33}},"19":{"start":{"line":26,"column":10},"end":{"line":26,"column":22}},"20":{"start":{"line":30,"column":4},"end":{"line":30,"column":52}},"21":{"start":{"line":31,"column":4},"end":{"line":31,"column":20}},"22":{"start":{"line":34,"column":2},"end":{"line":34,"column":26}},"23":{"start":{"line":37,"column":0},"end":{"line":37,"column":34}},"24":{"start":{"line":38,"column":0},"end":{"line":38,"column":44}}},"branchMap":{"1":{"line":24,"type":"if","locations":[{"start":{"line":24,"column":8},"end":{"line":24,"column":8}},{"start":{"line":24,"column":8},"end":{"line":24,"column":8}}]}}},"/Users/annalucking/Projects/week_9/mimic_bot/lib/twitterAPI.js":{"path":"/Users/annalucking/Projects/week_9/mimic_bot/lib/twitterAPI.js","s":{"1":1,"2":1,"3":1,"4":1,"5":5,"6":5,"7":1,"8":2,"9":0,"10":0,"11":1},"b":{"1":[0,0]},"f":{"1":1,"2":5,"3":2,"4":0},"fnMap":{"1":{"name":"(anonymous_1)","line":3,"loc":{"start":{"line":3,"column":1},"end":{"line":3,"column":19}}},"2":{"name":"TwitterAPI","line":6,"loc":{"start":{"line":6,"column":4},"end":{"line":6,"column":26}}},"3":{"name":"(anonymous_3)","line":19,"loc":{"start":{"line":19,"column":38},"end":{"line":19,"column":51}}},"4":{"name":"(anonymous_4)","line":20,"loc":{"start":{"line":20,"column":63},"end":{"line":20,"column":97}}}},"statementMap":{"1":{"start":{"line":1,"column":0},"end":{"line":1,"column":27}},"2":{"start":{"line":3,"column":0},"end":{"line":29,"column":9}},"3":{"start":{"line":4,"column":2},"end":{"line":4,"column":35}},"4":{"start":{"line":6,"column":4},"end":{"line":17,"column":5}},"5":{"start":{"line":7,"column":8},"end":{"line":10,"column":10}},"6":{"start":{"line":11,"column":8},"end":{"line":16,"column":11}},"7":{"start":{"line":19,"column":4},"end":{"line":26,"column":6}},"8":{"start":{"line":20,"column":8},"end":{"line":24,"column":11}},"9":{"start":{"line":21,"column":12},"end":{"line":23,"column":13}},"10":{"start":{"line":22,"column":16},"end":{"line":22,"column":27}},"11":{"start":{"line":28,"column":4},"end":{"line":28,"column":36}}},"branchMap":{"1":{"line":21,"type":"if","locations":[{"start":{"line":21,"column":12},"end":{"line":21,"column":12}},{"start":{"line":21,"column":12},"end":{"line":21,"column":12}}]}}},"/Users/annalucking/Projects/week_9/mimic_bot/app.js":{"path":"/Users/annalucking/Projects/week_9/mimic_bot/app.js","s":{"1":1,"2":1,"3":1,"4":1,"5":1,"6":1,"7":1,"8":1,"9":0,"10":0,"11":1,"12":0,"13":1,"14":1,"15":1,"16":1,"17":1,"18":1,"19":0,"20":0},"b":{"1":[0,0]},"f":{"1":0,"2":0,"3":1,"4":0},"fnMap":{"1":{"name":"getResponse","line":23,"loc":{"start":{"line":23,"column":0},"end":{"line":23,"column":22}}},"2":{"name":"createMessage","line":28,"loc":{"start":{"line":28,"column":0},"end":{"line":28,"column":41}}},"3":{"name":"getPersona","line":36,"loc":{"start":{"line":36,"column":0},"end":{"line":36,"column":21}}},"4":{"name":"(anonymous_4)","line":53,"loc":{"start":{"line":53,"column":38},"end":{"line":53,"column":61}}}},"statementMap":{"1":{"start":{"line":1,"column":0},"end":{"line":1,"column":27}},"2":{"start":{"line":2,"column":0},"end":{"line":2,"column":44}},"3":{"start":{"line":3,"column":0},"end":{"line":3,"column":56}},"4":{"start":{"line":5,"column":0},"end":{"line":5,"column":34}},"5":{"start":{"line":6,"column":0},"end":{"line":6,"column":55}},"6":{"start":{"line":19,"column":0},"end":{"line":19,"column":60}},"7":{"start":{"line":21,"column":0},"end":{"line":21,"column":19}},"8":{"start":{"line":23,"column":0},"end":{"line":26,"column":1}},"9":{"start":{"line":24,"column":2},"end":{"line":24,"column":17}},"10":{"start":{"line":25,"column":2},"end":{"line":25,"column":73}},"11":{"start":{"line":28,"column":0},"end":{"line":34,"column":1}},"12":{"start":{"line":29,"column":2},"end":{"line":33,"column":4}},"13":{"start":{"line":36,"column":0},"end":{"line":41,"column":1}},"14":{"start":{"line":37,"column":2},"end":{"line":40,"column":4}},"15":{"start":{"line":42,"column":0},"end":{"line":42,"column":32}},"16":{"start":{"line":44,"column":0},"end":{"line":46,"column":3}},"17":{"start":{"line":49,"column":0},"end":{"line":51,"column":14}},"18":{"start":{"line":53,"column":0},"end":{"line":57,"column":3}},"19":{"start":{"line":54,"column":2},"end":{"line":56,"column":3}},"20":{"start":{"line":55,"column":2},"end":{"line":55,"column":65}}},"branchMap":{"1":{"line":54,"type":"if","locations":[{"start":{"line":54,"column":2},"end":{"line":54,"column":2}},{"start":{"line":54,"column":2},"end":{"line":54,"column":2}}]}}}}