TN:
SF:/Users/annalucking/Projects/week_9/mimic_bot/lib/tweets.js
FN:3,(anonymous_1)
FN:4,Tweets
FN:10,(anonymous_3)
FN:12,(anonymous_4)
FN:14,(anonymous_5)
FN:20,(anonymous_6)
FN:22,doesContainWord
FNF:7
FNH:7
FNDA:1,(anonymous_1)
FNDA:5,Tweets
FNDA:4,(anonymous_3)
FNDA:2,(anonymous_4)
FNDA:3,(anonymous_5)
FNDA:2,(anonymous_6)
FNDA:5,doesContainWord
DA:1,1
DA:3,1
DA:4,1
DA:5,5
DA:6,5
DA:7,5
DA:10,1
DA:11,4
DA:12,4
DA:13,2
DA:14,2
DA:15,3
DA:20,1
DA:21,2
DA:22,1
DA:23,5
DA:24,6
DA:25,3
DA:26,3
DA:30,2
DA:31,2
DA:34,1
DA:37,1
DA:38,1
LF:24
LH:24
BRDA:24,1,0,3
BRDA:24,1,1,3
BRF:2
BRH:2
end_of_record
TN:
SF:/Users/annalucking/Projects/week_9/mimic_bot/lib/twitterAPI.js
FN:3,(anonymous_1)
FN:6,TwitterAPI
FN:19,(anonymous_3)
FN:20,(anonymous_4)
FNF:4
FNH:3
FNDA:1,(anonymous_1)
FNDA:5,TwitterAPI
FNDA:2,(anonymous_3)
FNDA:0,(anonymous_4)
DA:1,1
DA:3,1
DA:4,1
DA:6,1
DA:7,5
DA:11,5
DA:19,1
DA:20,2
DA:21,0
DA:22,0
DA:28,1
LF:11
LH:9
BRDA:21,1,0,0
BRDA:21,1,1,0
BRF:2
BRH:0
end_of_record
TN:
SF:/Users/annalucking/Projects/week_9/mimic_bot/app.js
FN:23,getResponse
FN:28,createMessage
FN:36,getPersona
FN:53,(anonymous_4)
FNF:4
FNH:1
FNDA:0,getResponse
FNDA:0,createMessage
FNDA:1,getPersona
FNDA:0,(anonymous_4)
DA:1,1
DA:2,1
DA:3,1
DA:5,1
DA:6,1
DA:19,1
DA:21,1
DA:23,1
DA:24,0
DA:25,0
DA:28,1
DA:29,0
DA:36,1
DA:37,1
DA:42,1
DA:44,1
DA:49,1
DA:53,1
DA:54,0
DA:55,0
LF:20
LH:15
BRDA:54,1,0,0
BRDA:54,1,1,0
BRF:2
BRH:0
end_of_record
